 
****************************************
Report : area
Design : JAM
Version: R-2020.09-SP5
Date   : Wed Mar 30 14:03:34 2022
****************************************

Library(s) Used:

    slow (File: /home/u107/u107061218/107061218/ic_contest/SynopsysDC/db/slow.db)

Number of ports:                          173
Number of nets:                          1102
Number of cells:                          895
Number of combinational cells:            795
Number of sequential cells:                92
Number of macros/black boxes:               0
Number of buf/inv:                        135
Number of references:                      33

Combinational area:               6742.072811
Buf/Inv area:                      792.685793
Noncombinational area:            2980.634417
Macro/Black Box area:                0.000000
Net Interconnect area:          129080.645569

Total cell area:                  9722.707227
Total area:                     138803.352796
1
