 
****************************************
Report : timing
        -path full
        -delay max
        -max_paths 1
Design : JAM
Version: R-2020.09-SP5
Date   : Wed Mar 30 14:03:34 2022
****************************************

Operating Conditions: slow   Library: slow
Wire Load Model Mode: top

  Startpoint: cnt_reg[0] (rising edge-triggered flip-flop clocked by CLK)
  Endpoint: J[0] (output port clocked by CLK)
  Path Group: CLK
  Path Type: max

  Des/Clust/Port     Wire Load Model       Library
  ------------------------------------------------
  JAM                tsmc13_wl10           slow

  Point                                    Incr       Path
  -----------------------------------------------------------
  clock CLK (rise edge)                    0.00       0.00
  clock network delay (ideal)              0.50       0.50
  cnt_reg[0]/CK (DFFTRX1)                  0.00       0.50 r
  cnt_reg[0]/Q (DFFTRX1)                   0.84       1.34 f
  U0/cnt[0] (sum_update)                   0.00       1.34 f
  U0/U36/Y (INVXL)                         0.76       2.10 r
  U0/U3/Y (NOR2X1)                         0.48       2.58 f
  U0/U47/Y (AO22XL)                        0.48       3.06 f
  U0/U63/Y (AOI221XL)                      0.50       3.56 r
  U0/U62/Y (OAI22XL)                       0.32       3.88 f
  U0/U12/Y (AOI22X1)                       0.59       4.47 r
  U0/U13/Y (INVX12)                        0.63       5.09 f
  U0/J[0] (sum_update)                     0.00       5.09 f
  J[0] (out)                               0.00       5.09 f
  data arrival time                                   5.09

  clock CLK (fall edge)                    5.00       5.00
  clock network delay (ideal)              0.50       5.50
  clock uncertainty                       -0.10       5.40
  output external delay                    0.00       5.40
  data required time                                  5.40
  -----------------------------------------------------------
  data required time                                  5.40
  data arrival time                                  -5.09
  -----------------------------------------------------------
  slack (MET)                                         0.31


1
